#-----------------------------------------------------------
# Vivado v2019.1 (64-bit)
# SW Build 2552052 on Fri May 24 14:49:42 MDT 2019
# IP Build 2548770 on Fri May 24 18:01:18 MDT 2019
# Start of session at: Thu Apr 29 18:17:18 2021
# Process ID: 1256
# Current directory: E:/VIVADO/jizu/cpuyep
# Command line: vivado.exe -gui_launcher_event rodinguilauncherevent8168 E:\VIVADO\jizu\cpuyep\cpuyep.xpr
# Log file: E:/VIVADO/jizu/cpuyep/vivado.log
# Journal file: E:/VIVADO/jizu/cpuyep\vivado.jou
#-----------------------------------------------------------
start_gui
open_project E:/VIVADO/jizu/cpuyep/cpuyep.xpr
Scanning sources...
Finished scanning sources
INFO: [IP_Flow 19-234] Refreshing IP repositories
INFO: [IP_Flow 19-1704] No user IP repositories specified
INFO: [IP_Flow 19-2313] Loaded Vivado IP repository 'E:/VIVADO/Vivado/2019.1/data/ip'.
open_project: Time (s): cpu = 00:00:16 ; elapsed = 00:00:05 . Memory (MB): peak = 781.105 ; gain = 97.227
update_compile_order -fileset sources_1
reset_run synth_2
launch_runs synth_2 -jobs 16
[Thu Apr 29 18:18:28 2021] Launched synth_2...
Run output will be captured here: E:/VIVADO/jizu/cpuyep/cpuyep.runs/synth_2/runme.log
launch_runs impl_2 -jobs 16
[Thu Apr 29 18:19:23 2021] Launched impl_2...
Run output will be captured here: E:/VIVADO/jizu/cpuyep/cpuyep.runs/impl_2/runme.log
launch_runs impl_2 -to_step write_bitstream -jobs 16
[Thu Apr 29 18:20:39 2021] Launched impl_2...
Run output will be captured here: E:/VIVADO/jizu/cpuyep/cpuyep.runs/impl_2/runme.log
open_hw
connect_hw_server
INFO: [Labtools 27-2285] Connecting to hw_server url TCP:localhost:3121
open_hw_target
INFO: [Labtoolstcl 44-466] Opening hw_target localhost:3121/xilinx_tcf/Digilent/210292A3FF82A
set_property PROGRAM.FILE {E:/VIVADO/jizu/cpuyep/cpuyep.runs/impl_2/top.bit} [get_hw_devices xc7a100t_0]
current_hw_device [get_hw_devices xc7a100t_0]
refresh_hw_device -update_hw_probes false [lindex [get_hw_devices xc7a100t_0] 0]
INFO: [Labtools 27-1434] Device xc7a100t (JTAG device index = 0) is programmed with a design that has no supported debug core(s) in it.
set_property PROBES.FILE {} [get_hw_devices xc7a100t_0]
set_property FULL_PROBES.FILE {} [get_hw_devices xc7a100t_0]
set_property PROGRAM.FILE {E:/VIVADO/jizu/cpuyep/cpuyep.runs/impl_2/top.bit} [get_hw_devices xc7a100t_0]
program_hw_devices [get_hw_devices xc7a100t_0]
INFO: [Labtools 27-3164] End of startup status: HIGH
refresh_hw_device [lindex [get_hw_devices xc7a100t_0] 0]
INFO: [Labtools 27-1434] Device xc7a100t (JTAG device index = 0) is programmed with a design that has no supported debug core(s) in it.
exit
INFO: [Common 17-206] Exiting Vivado at Thu Apr 29 18:22:22 2021...
