#-----------------------------------------------------------
# Vivado v2019.1 (64-bit)
# SW Build 2552052 on Fri May 24 14:49:42 MDT 2019
# IP Build 2548770 on Fri May 24 18:01:18 MDT 2019
# Start of session at: Sat May  1 23:02:40 2021
# Process ID: 12864
# Current directory: E:/VIVADO/jizu/cpuyep
# Command line: vivado.exe -gui_launcher_event rodinguilauncherevent12576 E:\VIVADO\jizu\cpuyep\cpuyep.xpr
# Log file: E:/VIVADO/jizu/cpuyep/vivado.log
# Journal file: E:/VIVADO/jizu/cpuyep\vivado.jou
#-----------------------------------------------------------
start_gui
open_project E:/VIVADO/jizu/cpuyep/cpuyep.xpr
Scanning sources...
Finished scanning sources
INFO: [IP_Flow 19-234] Refreshing IP repositories
INFO: [IP_Flow 19-1704] No user IP repositories specified
INFO: [IP_Flow 19-2313] Loaded Vivado IP repository 'E:/VIVADO/Vivado/2019.1/data/ip'.
update_compile_order -fileset sources_1
exit
INFO: [Common 17-206] Exiting Vivado at Sat May  1 23:03:02 2021...
