INFO: [VRFC 10-2263] Analyzing Verilog file "E:/VIVADO/jizu/cpuyep/cpuyep.srcs/sources_1/ip/blk_mem_gen_0/sim/blk_mem_gen_0.v" into library xil_defaultlib
INFO: [VRFC 10-311] analyzing module blk_mem_gen_0
INFO: [VRFC 10-2263] Analyzing Verilog file "E:/VIVADO/jizu/cpuyep/cpuyep.srcs/sources_1/ip/blk_mem_gen_1/sim/blk_mem_gen_1.v" into library xil_defaultlib
INFO: [VRFC 10-311] analyzing module blk_mem_gen_1
INFO: [VRFC 10-2263] Analyzing Verilog file "E:/VIVADO/jizu/cpuyep/cpuyep.srcs/sources_1/new/ACC.v" into library xil_defaultlib
INFO: [VRFC 10-311] analyzing module ACC
INFO: [VRFC 10-2263] Analyzing Verilog file "E:/VIVADO/jizu/cpuyep/cpuyep.srcs/sources_1/new/ALU.v" into library xil_defaultlib
INFO: [VRFC 10-311] analyzing module ALU
INFO: [VRFC 10-2263] Analyzing Verilog file "E:/VIVADO/jizu/cpuyep/cpuyep.srcs/sources_1/new/BR.v" into library xil_defaultlib
INFO: [VRFC 10-311] analyzing module BR
INFO: [VRFC 10-2263] Analyzing Verilog file "E:/VIVADO/jizu/cpuyep/cpuyep.srcs/sources_1/new/CU.v" into library xil_defaultlib
INFO: [VRFC 10-311] analyzing module CU
INFO: [VRFC 10-2263] Analyzing Verilog file "E:/VIVADO/jizu/cpuyep/cpuyep.srcs/sources_1/new/DISPLAY.v" into library xil_defaultlib
INFO: [VRFC 10-311] analyzing module DISPLAY
INFO: [VRFC 10-2263] Analyzing Verilog file "E:/VIVADO/jizu/cpuyep/cpuyep.srcs/sources_1/new/IR.v" into library xil_defaultlib
INFO: [VRFC 10-311] analyzing module IR
INFO: [VRFC 10-2263] Analyzing Verilog file "E:/VIVADO/jizu/cpuyep/cpuyep.srcs/sources_1/new/MAR.v" into library xil_defaultlib
INFO: [VRFC 10-311] analyzing module MAR
INFO: [VRFC 10-2263] Analyzing Verilog file "E:/VIVADO/jizu/cpuyep/cpuyep.srcs/sources_1/new/MBR.v" into library xil_defaultlib
INFO: [VRFC 10-311] analyzing module MBR
INFO: [VRFC 10-2263] Analyzing Verilog file "E:/VIVADO/jizu/cpuyep/cpuyep.srcs/sources_1/new/PC.v" into library xil_defaultlib
INFO: [VRFC 10-311] analyzing module PC
INFO: [VRFC 10-2263] Analyzing Verilog file "E:/VIVADO/jizu/cpuyep/cpuyep.srcs/sources_1/new/top.v" into library xil_defaultlib
INFO: [VRFC 10-311] analyzing module top
INFO: [VRFC 10-2263] Analyzing Verilog file "E:/VIVADO/jizu/cpuyep/cpuyep.srcs/sim_1/new/tb.v" into library xil_defaultlib
INFO: [VRFC 10-311] analyzing module tb
